<?xml version="1.0" encoding="UTF-8"?>
<!-- Generated by org.testng.reporters.JUnitXMLReporter -->
<testsuite hostname="UK1LPT66" ignored="0" name="My Tests" tests="3" failures="0" timestamp="30 Jun 2020 20:46:36 GMT" time="31.63" errors="0">
  <testcase name="runScenario" time="13.005" classname="io.cucumber.testng.AbstractTestNGCucumberTests"/>
  <testcase name="runScenario" time="9.428" classname="io.cucumber.testng.AbstractTestNGCucumberTests"/>
  <testcase name="runScenario" time="8.221" classname="io.cucumber.testng.AbstractTestNGCucumberTests"/>
</testsuite> <!-- My Tests -->
