<?xml version="1.0" encoding="UTF-8"?>
<testsuite xmlns:xsi="http://www.w3.org/2001/XMLSchema-instance" xsi:noNamespaceSchemaLocation="https://maven.apache.org/surefire/maven-surefire-plugin/xsd/surefire-test-report.xsd" name="TestSuite" time="34.426" tests="3" errors="0" skipped="0" failures="0">
  <properties>
[...]
</properties>
  <testcase name="runScenario" classname="com.selenium.runner.MyTestngRunner" time="13.176"/>
  <testcase name="runScenario" classname="com.selenium.runner.MyTestngRunner" time="9.034"/>
  <testcase name="runScenario" classname="com.selenium.runner.MyTestngRunner" time="10.783"/>
</testsuite>