<?xml version="1.0" encoding="UTF-8"?>
<testng-results skipped="0" failed="0" ignored="0" total="3" passed="3">
  <reporter-output>
  </reporter-output>
  <suite name="BDD Test Suite" duration-ms="33785" started-at="2020-06-30T22:25:50 BST" finished-at="2020-06-30T22:26:24 BST">
    <groups>
      <group name="cucumber">
        <method signature="AbstractTestNGCucumberTests.runScenario(io.cucumber.testng.PickleWrapper, io.cucumber.testng.FeatureWrapper)[pri:0, instance:com.selenium.runner.MyTestngRunner@30b8a058]" name="runScenario" class="io.cucumber.testng.AbstractTestNGCucumberTests"/>
      </group> <!-- cucumber -->
    </groups>
    <test name="My Tests" duration-ms="33785" started-at="2020-06-30T22:25:50 BST" finished-at="2020-06-30T22:26:24 BST">
      <class name="com.selenium.runner.MyTestngRunner">
        <test-method status="PASS" signature="setUpClass()[pri:0, instance:com.selenium.runner.MyTestngRunner@30b8a058]" name="setUpClass" is-config="true" duration-ms="604" started-at="2020-06-30T22:25:50 BST" finished-at="2020-06-30T22:25:51 BST">
          <reporter-output>
          </reporter-output>
        </test-method> <!-- setUpClass -->
        <test-method status="PASS" signature="runScenario(io.cucumber.testng.PickleWrapper, io.cucumber.testng.FeatureWrapper)[pri:0, instance:com.selenium.runner.MyTestngRunner@30b8a058]" name="runScenario" duration-ms="13174" started-at="2020-06-30T22:25:51 BST" description="Runs Cucumber Scenarios" data-provider="scenarios" finished-at="2020-06-30T22:26:04 BST">
          <params>
            <param index="0">
              <value>
                <![CDATA["Loggin into rediffmoney"]]>
              </value>
            </param>
            <param index="1">
              <value>
                <![CDATA["Optional[Logging into rediff Money]"]]>
              </value>
            </param>
          </params>
          <reporter-output>
          </reporter-output>
        </test-method> <!-- runScenario -->
        <test-method status="PASS" signature="runScenario(io.cucumber.testng.PickleWrapper, io.cucumber.testng.FeatureWrapper)[pri:0, instance:com.selenium.runner.MyTestngRunner@30b8a058]" name="runScenario" duration-ms="9033" started-at="2020-06-30T22:26:04 BST" description="Runs Cucumber Scenarios" data-provider="scenarios" finished-at="2020-06-30T22:26:13 BST">
          <params>
            <param index="0">
              <value>
                <![CDATA["Loggin into rediffmoney page"]]>
              </value>
            </param>
            <param index="1">
              <value>
                <![CDATA["Optional[Logging into rediff Money]"]]>
              </value>
            </param>
          </params>
          <reporter-output>
          </reporter-output>
        </test-method> <!-- runScenario -->
        <test-method status="PASS" signature="runScenario(io.cucumber.testng.PickleWrapper, io.cucumber.testng.FeatureWrapper)[pri:0, instance:com.selenium.runner.MyTestngRunner@30b8a058]" name="runScenario" duration-ms="10784" started-at="2020-06-30T22:26:13 BST" description="Runs Cucumber Scenarios" data-provider="scenarios" finished-at="2020-06-30T22:26:24 BST">
          <params>
            <param index="0">
              <value>
                <![CDATA["Loggin into rediffmoney page"]]>
              </value>
            </param>
            <param index="1">
              <value>
                <![CDATA["Optional[Logging into rediff Money]"]]>
              </value>
            </param>
          </params>
          <reporter-output>
          </reporter-output>
        </test-method> <!-- runScenario -->
        <test-method status="PASS" signature="tearDownClass()[pri:0, instance:com.selenium.runner.MyTestngRunner@30b8a058]" name="tearDownClass" is-config="true" duration-ms="140" started-at="2020-06-30T22:26:24 BST" finished-at="2020-06-30T22:26:24 BST">
          <reporter-output>
          </reporter-output>
        </test-method> <!-- tearDownClass -->
      </class> <!-- com.selenium.runner.MyTestngRunner -->
    </test> <!-- My Tests -->
  </suite> <!-- BDD Test Suite -->
</testng-results>
