<?xml version="1.0" encoding="UTF-8"?>
<!-- Generated by org.testng.reporters.JUnitXMLReporter -->
<testsuite hostname="UK1LPT66" ignored="0" name="My Tests" tests="3" failures="0" timestamp="2020-06-30T22:26:24 BST" time="33.785" errors="0">
  <testcase name="runScenario" time="13.174" classname="io.cucumber.testng.AbstractTestNGCucumberTests"/>
  <testcase name="runScenario" time="9.033" classname="io.cucumber.testng.AbstractTestNGCucumberTests"/>
  <testcase name="runScenario" time="10.784" classname="io.cucumber.testng.AbstractTestNGCucumberTests"/>
</testsuite> <!-- My Tests -->
